<?xml version="1.0" encoding="UTF-8"?>
<testsuite xmlns:xsi="http://www.w3.org/2001/XMLSchema-instance" xsi:noNamespaceSchemaLocation="https://maven.apache.org/surefire/maven-surefire-plugin/xsd/surefire-test-report.xsd" name="TestSuite" time="65.43" tests="3" errors="0" skipped="0" failures="3">
  <properties>
[...]
</properties>
  <testcase name="isLogintoApp" classname="Testpakage.loginTest" time="5.963">
    <failure message="Unable to find element with locator By.xpath: //*[@id=&apos;pin&apos;]&#10;For documentation on this error, please visit: https://selenium.dev/exceptions/#no_such_element&#10;Build info: version: &apos;4.1.0&apos;, revision: &apos;87802e897b&apos;&#10;System info: host: &apos;TEJAL&apos;, ip: &apos;192.168.29.8&apos;, os.name: &apos;Windows 10&apos;, os.arch: &apos;amd64&apos;, os.version: &apos;10.0&apos;, java.version: &apos;19.0.1&apos;&#10;Driver info: driver.version: RemoteWebDriver" type="org.openqa.selenium.NoSuchElementException">org.openqa.selenium.NoSuchElementException: 
Unable to find element with locator By.xpath: //*[@id='pin']
For documentation on this error, please visit: https://selenium.dev/exceptions/#no_such_element
Build info: version: '4.1.0', revision: '87802e897b'
System info: host: 'TEJAL', ip: '192.168.29.8', os.name: 'Windows 10', os.arch: 'amd64', os.version: '10.0', java.version: '19.0.1'
Driver info: driver.version: RemoteWebDriver
	at Testpakage.loginTest.isLogintoApp(loginTest.java:19)
</failure>
    <system-err><![CDATA[SLF4J: Failed to load class "org.slf4j.impl.StaticLoggerBinder".
SLF4J: Defaulting to no-operation (NOP) logger implementation
SLF4J: See http://www.slf4j.org/codes.html#StaticLoggerBinder for further details.
Starting Microsoft Edge WebDriver 109.0.1518.70 (f787d2c3a4185501adc55d95d53ce7cf872db7c3) on port 53145
To submit feedback, report a bug, or suggest new features, please visit https://github.com/MicrosoftEdge/EdgeWebDriver

Only local connections are allowed.
Please see https://aka.ms/WebDriverSecurity for suggestions on keeping Microsoft Edge WebDriver safe.

Microsoft Edge WebDriver was started successfully.
Jan 30, 2023 9:13:18 PM org.openqa.selenium.remote.ProtocolHandshake createSession
INFO: Detected dialect: W3C
Jan 30, 2023 9:13:18 PM org.openqa.selenium.devtools.CdpVersionFinder findNearestMatch
WARNING: Unable to find an exact match for CDP version 109, so returning the closest version found: a no-op implementation
Jan 30, 2023 9:13:18 PM org.openqa.selenium.devtools.CdpVersionFinder findNearestMatch
INFO: Unable to find CDP implementation matching 109.
Jan 30, 2023 9:13:18 PM org.openqa.selenium.chromium.ChromiumDriver lambda$new$3
WARNING: Unable to find version of CDP to use for . You may need to include a dependency on a specific version of the CDP using something similar to `org.seleniumhq.selenium:selenium-devtools-v86:4.1.0` where the version ("v86") matches the version of the chromium-based browser you're using and the version number of the artifact is the same as Selenium's.
]]></system-err>
  </testcase>
  <testcase name="validatePage" classname="Testpakage.loginTest" time="0.046">
    <failure message="no such window: target window already closed&#10;from unknown error: web view not found&#10;  (Session info: MicrosoftEdge=109.0.1518.70)&#10;Build info: version: &apos;4.1.0&apos;, revision: &apos;87802e897b&apos;&#10;System info: host: &apos;TEJAL&apos;, ip: &apos;192.168.29.8&apos;, os.name: &apos;Windows 10&apos;, os.arch: &apos;amd64&apos;, os.version: &apos;10.0&apos;, java.version: &apos;19.0.1&apos;&#10;Driver info: org.openqa.selenium.edge.EdgeDriver&#10;Command: [64bb70caff42d06d2d22ae2655118a76, getCurrentUrl {}]&#10;Capabilities {acceptInsecureCerts: false, browserName: msedge, browserVersion: 109.0.1518.70, javascriptEnabled: true, ms:edgeOptions: {debuggerAddress: localhost:56156}, msedge: {msedgedriverVersion: 109.0.1518.70 (f787d2c3a418..., userDataDir: C:\Users\sai\AppData\Local\...}, networkConnectionEnabled: false, pageLoadStrategy: normal, platform: WINDOWS, platformName: WINDOWS, proxy: Proxy(), se:cdp: ws://localhost:56156/devtoo..., se:cdpVersion: 109.0.1518.70, setWindowRect: true, strictFileInteractability: false, timeouts: {implicit: 0, pageLoad: 300000, script: 30000}, unhandledPromptBehavior: dismiss and notify, webauthn:extension:credBlob: true, webauthn:extension:largeBlob: true, webauthn:virtualAuthenticators: true}&#10;Session ID: 64bb70caff42d06d2d22ae2655118a76" type="org.openqa.selenium.NoSuchWindowException">org.openqa.selenium.NoSuchWindowException: 
no such window: target window already closed
from unknown error: web view not found
  (Session info: MicrosoftEdge=109.0.1518.70)
Build info: version: '4.1.0', revision: '87802e897b'
System info: host: 'TEJAL', ip: '192.168.29.8', os.name: 'Windows 10', os.arch: 'amd64', os.version: '10.0', java.version: '19.0.1'
Driver info: org.openqa.selenium.edge.EdgeDriver
Command: [64bb70caff42d06d2d22ae2655118a76, getCurrentUrl {}]
Capabilities {acceptInsecureCerts: false, browserName: msedge, browserVersion: 109.0.1518.70, javascriptEnabled: true, ms:edgeOptions: {debuggerAddress: localhost:56156}, msedge: {msedgedriverVersion: 109.0.1518.70 (f787d2c3a418..., userDataDir: C:\Users\sai\AppData\Local\...}, networkConnectionEnabled: false, pageLoadStrategy: normal, platform: WINDOWS, platformName: WINDOWS, proxy: Proxy(), se:cdp: ws://localhost:56156/devtoo..., se:cdpVersion: 109.0.1518.70, setWindowRect: true, strictFileInteractability: false, timeouts: {implicit: 0, pageLoad: 300000, script: 30000}, unhandledPromptBehavior: dismiss and notify, webauthn:extension:credBlob: true, webauthn:extension:largeBlob: true, webauthn:virtualAuthenticators: true}
Session ID: 64bb70caff42d06d2d22ae2655118a76
	at Testpakage.loginTest.validatePage(loginTest.java:36)
</failure>
  </testcase>
  <testcase name="SearchShare" classname="Testpakage.dashboardTest" time="50.296">
    <failure message="no such window: target window already closed&#10;from unknown error: web view not found&#10;  (Session info: MicrosoftEdge=109.0.1518.70)&#10;Build info: version: &apos;4.1.0&apos;, revision: &apos;87802e897b&apos;&#10;System info: host: &apos;TEJAL&apos;, ip: &apos;192.168.29.8&apos;, os.name: &apos;Windows 10&apos;, os.arch: &apos;amd64&apos;, os.version: &apos;10.0&apos;, java.version: &apos;19.0.1&apos;&#10;Driver info: org.openqa.selenium.edge.EdgeDriver&#10;Command: [64bb70caff42d06d2d22ae2655118a76, findElement {using=xpath, value=//*[@class=&apos;button-blue&apos;]}]&#10;Capabilities {acceptInsecureCerts: false, browserName: msedge, browserVersion: 109.0.1518.70, javascriptEnabled: true, ms:edgeOptions: {debuggerAddress: localhost:56156}, msedge: {msedgedriverVersion: 109.0.1518.70 (f787d2c3a418..., userDataDir: C:\Users\sai\AppData\Local\...}, networkConnectionEnabled: false, pageLoadStrategy: normal, platform: WINDOWS, platformName: WINDOWS, proxy: Proxy(), se:cdp: ws://localhost:56156/devtoo..., se:cdpVersion: 109.0.1518.70, setWindowRect: true, strictFileInteractability: false, timeouts: {implicit: 0, pageLoad: 300000, script: 30000}, unhandledPromptBehavior: dismiss and notify, webauthn:extension:credBlob: true, webauthn:extension:largeBlob: true, webauthn:virtualAuthenticators: true}&#10;Session ID: 64bb70caff42d06d2d22ae2655118a76" type="org.openqa.selenium.NoSuchWindowException">org.openqa.selenium.NoSuchWindowException: 
no such window: target window already closed
from unknown error: web view not found
  (Session info: MicrosoftEdge=109.0.1518.70)
Build info: version: '4.1.0', revision: '87802e897b'
System info: host: 'TEJAL', ip: '192.168.29.8', os.name: 'Windows 10', os.arch: 'amd64', os.version: '10.0', java.version: '19.0.1'
Driver info: org.openqa.selenium.edge.EdgeDriver
Command: [64bb70caff42d06d2d22ae2655118a76, findElement {using=xpath, value=//*[@class='button-blue']}]
Capabilities {acceptInsecureCerts: false, browserName: msedge, browserVersion: 109.0.1518.70, javascriptEnabled: true, ms:edgeOptions: {debuggerAddress: localhost:56156}, msedge: {msedgedriverVersion: 109.0.1518.70 (f787d2c3a418..., userDataDir: C:\Users\sai\AppData\Local\...}, networkConnectionEnabled: false, pageLoadStrategy: normal, platform: WINDOWS, platformName: WINDOWS, proxy: Proxy(), se:cdp: ws://localhost:56156/devtoo..., se:cdpVersion: 109.0.1518.70, setWindowRect: true, strictFileInteractability: false, timeouts: {implicit: 0, pageLoad: 300000, script: 30000}, unhandledPromptBehavior: dismiss and notify, webauthn:extension:credBlob: true, webauthn:extension:largeBlob: true, webauthn:virtualAuthenticators: true}
Session ID: 64bb70caff42d06d2d22ae2655118a76
	at Testpakage.dashboardTest.SearchShare(dashboardTest.java:10)
</failure>
  </testcase>
</testsuite>